# JRE version: Java(TM) SE Runtime Environment (8.0_191-b12) (build 1.8.0_191-b12)
# Java VM: Java HotSpot(TM) 64-Bit Server VM (25.191-b12 mixed mode linux-amd64 compressed oops)
Heap:
 PSYoungGen      total 270848K, used 0K [0x00000000e0000000, 0x00000000f8d00000, 0x0000000100000000)
  eden space 227840K, 0% used [0x00000000e0000000,0x00000000e0000000,0x00000000ede80000)
  from space 43008K, 0% used [0x00000000ede80000,0x00000000ede80000,0x00000000f0880000)
  to   space 60928K, 0% used [0x00000000f5180000,0x00000000f5180000,0x00000000f8d00000)
 ParOldGen       total 123904K, used 94279K [0x00000000a0000000, 0x00000000a7900000, 0x00000000e0000000)
  object space 123904K, 76% used [0x00000000a0000000,0x00000000a5c11d78,0x00000000a7900000)
 Metaspace       used 84561K, capacity 87250K, committed 87424K, reserved 1124352K
  class space    used 11267K, capacity 11850K, committed 11904K, reserved 1048576K
GC Heap History (10 events):
Event: 20,796 GC heap after
Heap after GC invocations=12 (full 2):
 PSYoungGen      total 221696K, used 17389K [0x00000000e0000000, 0x00000000ef100000, 0x0000000100000000)
  eden space 204288K, 0% used [0x00000000e0000000,0x00000000e0000000,0x00000000ec780000)
  from space 17408K, 99% used [0x00000000edb80000,0x00000000eec7b610,0x00000000eec80000)
  to   space 20480K, 0% used [0x00000000ec780000,0x00000000ec780000,0x00000000edb80000)
 ParOldGen       total 83456K, used 24658K [0x00000000a0000000, 0x00000000a5180000, 0x00000000e0000000)
  object space 83456K, 29% used [0x00000000a0000000,0x00000000a1814928,0x00000000a5180000)
 Metaspace       used 57559K, capacity 59094K, committed 59136K, reserved 1099776K
  class space    used 8029K, capacity 8422K, committed 8448K, reserved 1048576K
}
Event: 20,796 GC heap before
{Heap before GC invocations=13 (full 3):
 PSYoungGen      total 221696K, used 17389K [0x00000000e0000000, 0x00000000ef100000, 0x0000000100000000)
  eden space 204288K, 0% used [0x00000000e0000000,0x00000000e0000000,0x00000000ec780000)
  from space 17408K, 99% used [0x00000000edb80000,0x00000000eec7b610,0x00000000eec80000)
  to   space 20480K, 0% used [0x00000000ec780000,0x00000000ec780000,0x00000000edb80000)
 ParOldGen       total 83456K, used 24658K [0x00000000a0000000, 0x00000000a5180000, 0x00000000e0000000)
  object space 83456K, 29% used [0x00000000a0000000,0x00000000a1814928,0x00000000a5180000)
 Metaspace       used 57559K, capacity 59094K, committed 59136K, reserved 1099776K
  class space    used 8029K, capacity 8422K, committed 8448K, reserved 1048576K
Event: 21,200 GC heap after
Heap after GC invocations=13 (full 3):
 PSYoungGen      total 221696K, used 0K [0x00000000e0000000, 0x00000000ef100000, 0x0000000100000000)
  eden space 204288K, 0% used [0x00000000e0000000,0x00000000e0000000,0x00000000ec780000)
  from space 17408K, 0% used [0x00000000edb80000,0x00000000edb80000,0x00000000eec80000)
  to   space 20480K, 0% used [0x00000000ec780000,0x00000000ec780000,0x00000000edb80000)
 ParOldGen       total 123904K, used 33104K [0x00000000a0000000, 0x00000000a7900000, 0x00000000e0000000)
  object space 123904K, 26% used [0x00000000a0000000,0x00000000a2054258,0x00000000a7900000)
 Metaspace       used 57559K, capacity 59094K, committed 59136K, reserved 1099776K
  class space    used 8029K, capacity 8422K, committed 8448K, reserved 1048576K
}
Event: 491,326 GC heap before
{Heap before GC invocations=14 (full 3):
 PSYoungGen      total 221696K, used 204288K [0x00000000e0000000, 0x00000000ef100000, 0x0000000100000000)
  eden space 204288K, 100% used [0x00000000e0000000,0x00000000ec780000,0x00000000ec780000)
  from space 17408K, 0% used [0x00000000edb80000,0x00000000edb80000,0x00000000eec80000)
  to   space 20480K, 0% used [0x00000000ec780000,0x00000000ec780000,0x00000000edb80000)
 ParOldGen       total 123904K, used 33104K [0x00000000a0000000, 0x00000000a7900000, 0x00000000e0000000)
  object space 123904K, 26% used [0x00000000a0000000,0x00000000a2054258,0x00000000a7900000)
 Metaspace       used 65760K, capacity 67624K, committed 67712K, reserved 1107968K
  class space    used 8879K, capacity 9318K, committed 9344K, reserved 1048576K
Event: 491,376 GC heap after
Heap after GC invocations=14 (full 3):
 PSYoungGen      total 224768K, used 18172K [0x00000000e0000000, 0x00000000f1e80000, 0x0000000100000000)
  eden space 204288K, 0% used [0x00000000e0000000,0x00000000e0000000,0x00000000ec780000)
  from space 20480K, 88% used [0x00000000ec780000,0x00000000ed93f188,0x00000000edb80000)
  to   space 22528K, 0% used [0x00000000f0880000,0x00000000f0880000,0x00000000f1e80000)
 ParOldGen       total 123904K, used 33112K [0x00000000a0000000, 0x00000000a7900000, 0x00000000e0000000)
  object space 123904K, 26% used [0x00000000a0000000,0x00000000a2056258,0x00000000a7900000)
 Metaspace       used 65760K, capacity 67624K, committed 67712K, reserved 1107968K
  class space    used 8879K, capacity 9318K, committed 9344K, reserved 1048576K
}
Event: 495,140 GC heap before
{Heap before GC invocations=15 (full 3):
 PSYoungGen      total 224768K, used 222460K [0x00000000e0000000, 0x00000000f1e80000, 0x0000000100000000)
  eden space 204288K, 100% used [0x00000000e0000000,0x00000000ec780000,0x00000000ec780000)
  from space 20480K, 88% used [0x00000000ec780000,0x00000000ed93f188,0x00000000edb80000)
  to   space 22528K, 0% used [0x00000000f0880000,0x00000000f0880000,0x00000000f1e80000)
 ParOldGen       total 123904K, used 33112K [0x00000000a0000000, 0x00000000a7900000, 0x00000000e0000000)
  object space 123904K, 26% used [0x00000000a0000000,0x00000000a2056258,0x00000000a7900000)
 Metaspace       used 76454K, capacity 78418K, committed 78720K, reserved 1118208K
  class space    used 10060K, capacity 10508K, committed 10624K, reserved 1048576K
Event: 495,264 GC heap after
Heap after GC invocations=15 (full 3):
 PSYoungGen      total 250368K, used 22504K [0x00000000e0000000, 0x00000000f4c00000, 0x0000000100000000)
  eden space 227840K, 0% used [0x00000000e0000000,0x00000000e0000000,0x00000000ede80000)
  from space 22528K, 99% used [0x00000000f0880000,0x00000000f1e7a1f8,0x00000000f1e80000)
  to   space 43008K, 0% used [0x00000000ede80000,0x00000000ede80000,0x00000000f0880000)
 ParOldGen       total 123904K, used 80461K [0x00000000a0000000, 0x00000000a7900000, 0x00000000e0000000)
  object space 123904K, 64% used [0x00000000a0000000,0x00000000a4e937c8,0x00000000a7900000)
 Metaspace       used 76454K, capacity 78418K, committed 78720K, reserved 1118208K
  class space    used 10060K, capacity 10508K, committed 10624K, reserved 1048576K
}
Event: 515,162 GC heap before
{Heap before GC invocations=16 (full 3):
 PSYoungGen      total 250368K, used 250344K [0x00000000e0000000, 0x00000000f4c00000, 0x0000000100000000)
  eden space 227840K, 100% used [0x00000000e0000000,0x00000000ede80000,0x00000000ede80000)
  from space 22528K, 99% used [0x00000000f0880000,0x00000000f1e7a1f8,0x00000000f1e80000)
  to   space 43008K, 0% used [0x00000000ede80000,0x00000000ede80000,0x00000000f0880000)
 ParOldGen       total 123904K, used 80461K [0x00000000a0000000, 0x00000000a7900000, 0x00000000e0000000)
  object space 123904K, 64% used [0x00000000a0000000,0x00000000a4e937c8,0x00000000a7900000)
 Metaspace       used 84594K, capacity 87338K, committed 87424K, reserved 1124352K
  class space    used 11277K, capacity 11868K, committed 11904K, reserved 1048576K
Event: 515,714 GC heap after
Heap after GC invocations=16 (full 3):
 PSYoungGen      total 270848K, used 42992K [0x00000000e0000000, 0x00000000f8d00000, 0x0000000100000000)
  eden space 227840K, 0% used [0x00000000e0000000,0x00000000e0000000,0x00000000ede80000)
  from space 43008K, 99% used [0x00000000ede80000,0x00000000f087c178,0x00000000f0880000)
  to   space 60928K, 0% used [0x00000000f5180000,0x00000000f5180000,0x00000000f8d00000)
 ParOldGen       total 123904K, used 109407K [0x00000000a0000000, 0x00000000a7900000, 0x00000000e0000000)
  object space 123904K, 88% used [0x00000000a0000000,0x00000000a6ad7fc0,0x00000000a7900000)
 Metaspace       used 84594K, capacity 87338K, committed 87424K, reserved 1124352K
  class space    used 11277K, capacity 11868K, committed 11904K, reserved 1048576K
}
Event: 515,733 GC heap before
{Heap before GC invocations=17 (full 4):
 PSYoungGen      total 270848K, used 42992K [0x00000000e0000000, 0x00000000f8d00000, 0x0000000100000000)
  eden space 227840K, 0% used [0x00000000e0000000,0x00000000e0000000,0x00000000ede80000)
  from space 43008K, 99% used [0x00000000ede80000,0x00000000f087c178,0x00000000f0880000)
  to   space 60928K, 0% used [0x00000000f5180000,0x00000000f5180000,0x00000000f8d00000)
 ParOldGen       total 123904K, used 109407K [0x00000000a0000000, 0x00000000a7900000, 0x00000000e0000000)
  object space 123904K, 88% used [0x00000000a0000000,0x00000000a6ad7fc0,0x00000000a7900000)
 Metaspace       used 84594K, capacity 87338K, committed 87424K, reserved 1124352K
  class space    used 11277K, capacity 11868K, committed 11904K, reserved 1048576K

